  -7.00    0.000807868842104    0.000808134350709
  -6.90    0.000892802898711    0.000893126582302
  -6.80    0.000986662854384    0.000987057524920
  -6.70    0.001090385973550    0.001090867271010
  -6.60    0.001205007766288    0.001205594783400
  -6.50    0.001331672248623    0.001332388293598
  -6.40    0.001471643265955    0.001472516793669
  -6.30    0.001626316987931    0.001627382736741
  -6.20    0.001797235693677    0.001798536073224
  -6.10    0.001986102977894    0.001987689763237
  -6.00    0.002194800520873    0.002196736920486
  -5.90    0.002425406579178    0.002427769759185
  -5.80    0.002680216368520    0.002683100533634
  -5.70    0.002961764526316    0.002965284680046
  -5.60    0.003272849858673    0.003277146392202
  -5.50    0.003616562595013    0.003621806886938
  -5.40    0.003996314393324    0.004002715642330
  -5.30    0.004415871360128    0.004423684921230
  -5.20    0.004879390371573    0.004888927925673
  -5.10    0.005391459005564    0.005403100964022
  -5.00    0.005957139419510    0.005971350052863
  -4.90    0.006582016533728    0.006599362420074
  -4.80    0.007272250906759    0.007293423424507
  -4.70    0.008034636715339    0.008060479461977
  -4.60    0.008876665278176    0.008908207487123
  -4.50    0.009806594588314    0.009845091846952
  -4.40    0.010833525343119    0.010880509195035
  -4.30    0.011967483982695    0.012024822336207
  -4.20    0.013219513265753    0.013289483941003
  -4.10    0.014601770925125    0.014687151167829
  -4.00    0.016127636951432    0.016231812340066
  -3.90    0.017811830050764    0.017938926945902
  -3.80    0.019670533808053    0.019825580362095
  -3.70    0.021721533058990    0.021910654850159
  -3.60    0.023984360926429    0.024215018536389
  -3.50    0.026480456907954    0.026761734267079
  -3.40    0.029233336305086    0.029576290429245
  -3.30    0.032268771156079    0.032686856046960
  -3.20    0.035614982667509    0.036124562706426
  -3.10    0.039302844928689    0.039923816131342
  -3.00    0.043366099430341    0.044122640526958
  -2.90    0.047841579588377    0.048763059139100
  -2.80    0.052769444088140    0.053891514836937
  -2.70    0.058193417408154    0.059559334928825
  -2.60    0.064161035350442    0.065823244863264
  -2.50    0.070723892794024    0.072745935956252
  -2.40    0.077937890199555    0.080396692827043
  -2.30    0.085863474630392    0.088852086821909
  -2.20    0.094565870228769    0.098196742365906
  -2.10    0.104115292211650    0.108524183912566
  -2.00    0.114587137554667    0.119937771968061
  -1.90    0.126062144649052    0.132551737557890
  -1.80    0.138626513391684    0.146492325489376
  -1.70    0.152371976459305    0.161899057852130
  -1.60    0.167395811993082    0.178926130402021
  -1.50    0.183800787656559    0.197743955804124
  -1.40    0.201695026112835    0.218540869179954
  -1.30    0.221191782480788    0.241525013028660
  -1.20    0.242409125355284    0.266926420387117
  -1.10    0.265469514577712    0.294999317077877
  -1.00    0.290499271161583    0.326024666086646
  -0.90    0.317627937618165    0.360312979534285
  -0.80    0.346987530348130    0.398207426386478
  -0.70    0.378711689671956    0.440087267004085
  -0.60    0.412934737311268    0.486371648908307
  -0.50    0.449790655496256    0.537523801749960
  -0.40    0.489412006104569    0.594055673467516
  -0.30    0.531928812047584    0.656533054034142
  -0.20    0.577467426217201    0.725581238073921
  -0.10    0.626149415417703    0.801891283020620
   0.00    0.678090487612410    0.886226925452758
   0.10    0.733399490372444    0.979432224825983
   0.20    0.792177506584255    1.082440011103806
   0.30    0.854517070323325    1.196281220833407
   0.40    0.920501521512095    1.322095215105113
   0.50    0.990204512822300    1.461141182661139
   0.60    1.063689676592838    1.614810742279748
   0.70    1.141010453684902    1.784641870563727
   0.80    1.222210080551406    1.972334294527156
   0.90    1.307321725685749    2.179766503034662
   1.00    1.396368762295639    2.409014547349360
   1.10    1.489365160700189    2.662372818951684
   1.20    1.586315981659192    2.942377012580483
   1.30    1.687217950615214    3.251829504318253
   1.40    1.792060092588975    3.593827398712883
   1.50    1.900824408089421    3.971793525640932
   1.60    2.013486571716170    4.389510697139502
   1.70    2.130016636965675    4.851159567060541
   1.80    2.250379732920774    5.361360472459759
   1.90    2.374536740844758    5.925219675482840
   2.00    2.502444941070233    6.548380468553260
   2.10    2.634058622858266    7.237079654339647
   2.20    2.769329652020236    7.998209965773138
   2.30    2.908207992985445    8.839389050835294
   2.40    3.050642183632990    9.769035712539470
   2.50    3.196579762573780   10.796454167141031
   2.60    3.345967649673891   11.931927163860905
   2.70    3.498752481469885   13.186818898095916
   2.80    3.654880903763953   14.573688748105967
   2.90    3.814299824130233   16.106416973493008
   3.00    3.976956627341829   17.800343633504454
   3.10    4.142799356871302   19.672422115502130
   3.20    4.311776865650713   21.741388810161162
   3.30    4.483838939227859   24.027950631565428
   3.40    4.658936394341398   26.554992258963505
   3.50    4.837021155780056   29.347805174330396
   3.60    5.018046314204008   32.434340788019973
   3.70    5.201966167400235   35.845490185874461
   3.80    5.388736247232421   39.615393297594501
   3.90    5.578313334331687   43.781780580630368
   4.00    5.770655462366667   48.386350639281808
   4.10    5.965721913531764   53.475187558345304
   4.20    6.163473206705470   59.099222128123913
   4.30    6.363871079555099   65.314741576895315
   4.40    6.566878465704707   72.183952912411101
   4.50    6.772459467935666   79.775605510538668
   4.60    6.980579328258158   88.165679182122759
   4.70    7.191204395571624   97.438144604469599
   4.80    7.404302091527506  107.685803728109434
   4.90    7.619840875112195  119.011218569908650
   5.00    7.837790206385467  131.527737688207452
   5.10    8.058120509735959  145.360630613289288
   5.20    8.280803136950970  160.648341586943957
   5.30    8.505810330341436  177.543875158973179
   5.40    8.733115186113896  196.216327508150471
   5.50    8.962691618138326  216.852578813614542
   5.60    9.194514322223373  239.659163614514227
   5.70    9.428558740978250  264.864337877094442
   5.80    9.664801029312516  292.720363457127178
   5.90    9.903218020599519  323.506032821350345
   6.00   10.143787193509784  357.529459296182210
   6.10   10.386486639498635  395.131160769451810
   6.20   10.631295030919217  436.687467707871235
   6.30   10.878191589714232  482.614289598838070
   6.40   11.127156056627911  533.371277512374149
   6.50   11.378168660866955  589.466424443531309
   6.60   11.631210090127654  651.461149477027220
   6.70   11.886261460895179  719.975916658142751
   6.80   12.143304288911093  795.696444805435931
   6.90   12.402320459694216  879.380570415152192
   7.00   12.663292198989380  971.865832343600005
